0 info it worked if it ends with ok
1 verbose cli [ 'D:\\groovy_apps\\MISC\\angular2-platform\\build\\nodejs\\node-v7.7.4-win-x64\\node.exe',
1 verbose cli   'D:\\groovy_apps\\MISC\\angular2-platform\\build\\nodejs\\node-v7.7.4-win-x64\\node_modules\\npm\\bin\\npm-cli.js',
1 verbose cli   'run',
1 verbose cli   'build' ]
2 info using npm@4.1.2
3 info using node@v7.7.4
4 verbose stack Error: missing script: build
4 verbose stack     at run (D:\groovy_apps\MISC\angular2-platform\build\nodejs\node-v7.7.4-win-x64\node_modules\npm\lib\run-script.js:151:19)
4 verbose stack     at D:\groovy_apps\MISC\angular2-platform\build\nodejs\node-v7.7.4-win-x64\node_modules\npm\lib\run-script.js:61:5
4 verbose stack     at D:\groovy_apps\MISC\angular2-platform\build\nodejs\node-v7.7.4-win-x64\node_modules\npm\node_modules\read-package-json\read-json.js:356:5
4 verbose stack     at checkBinReferences_ (D:\groovy_apps\MISC\angular2-platform\build\nodejs\node-v7.7.4-win-x64\node_modules\npm\node_modules\read-package-json\read-json.js:320:45)
4 verbose stack     at final (D:\groovy_apps\MISC\angular2-platform\build\nodejs\node-v7.7.4-win-x64\node_modules\npm\node_modules\read-package-json\read-json.js:354:3)
4 verbose stack     at then (D:\groovy_apps\MISC\angular2-platform\build\nodejs\node-v7.7.4-win-x64\node_modules\npm\node_modules\read-package-json\read-json.js:124:5)
4 verbose stack     at D:\groovy_apps\MISC\angular2-platform\build\nodejs\node-v7.7.4-win-x64\node_modules\npm\node_modules\read-package-json\read-json.js:311:12
4 verbose stack     at D:\groovy_apps\MISC\angular2-platform\build\nodejs\node-v7.7.4-win-x64\node_modules\npm\node_modules\graceful-fs\graceful-fs.js:78:16
4 verbose stack     at tryToString (fs.js:449:3)
4 verbose stack     at FSReqWrap.readFileAfterClose [as oncomplete] (fs.js:436:12)
5 verbose cwd D:\groovy_apps\MISC\angular2-platform
6 error Windows_NT 6.1.7601
7 error argv "D:\\groovy_apps\\MISC\\angular2-platform\\build\\nodejs\\node-v7.7.4-win-x64\\node.exe" "D:\\groovy_apps\\MISC\\angular2-platform\\build\\nodejs\\node-v7.7.4-win-x64\\node_modules\\npm\\bin\\npm-cli.js" "run" "build"
8 error node v7.7.4
9 error npm  v4.1.2
10 error missing script: build
11 error If you need help, you may report this error at:
11 error     <https://github.com/npm/npm/issues>
12 verbose exit [ 1, true ]
